<?xml version="1.0" encoding="UTF-8"?>
<testsuite xmlns:xsi="http://www.w3.org/2001/XMLSchema-instance" xsi:noNamespaceSchemaLocation="https://maven.apache.org/surefire/maven-surefire-plugin/xsd/surefire-test-report.xsd" name="PlaySlipTest" time="0.015" tests="24" errors="0" skipped="0" failures="0">
  <properties>
[...]
</properties>
  <testcase name="getDrawWinningMoney" classname="PlaySlipTest" time="0"/>
  <testcase name="removeSpotNum" classname="PlaySlipTest" time="0"/>
  <testcase name="removeSpotDuplicateNum" classname="PlaySlipTest" time="0"/>
  <testcase name="addNRemoveNums" classname="PlaySlipTest" time="0"/>
  <testcase name="checkDrawsCompletedTest" classname="PlaySlipTest" time="0"/>
  <testcase name="getRand20NumSizeTest" classname="PlaySlipTest" time="0"/>
  <testcase name="checkNumSpotsTest" classname="PlaySlipTest" time="0"/>
  <testcase name="getNumSpotsTest" classname="PlaySlipTest" time="0"/>
  <testcase name="newRoundTest" classname="PlaySlipTest" time="0"/>
  <testcase name="newDrawTest" classname="PlaySlipTest" time="0"/>
  <testcase name="generateWinningSpotsTest" classname="PlaySlipTest" time="0"/>
  <testcase name="quickPickTest" classname="PlaySlipTest" time="0"/>
  <testcase name="getNumMatchesTest" classname="PlaySlipTest" time="0"/>
  <testcase name="playSlipConstructorTest" classname="PlaySlipTest" time="0"/>
  <testcase name="getNumDrawingsTest" classname="PlaySlipTest" time="0"/>
  <testcase name="getTotalGameWinningMoney" classname="PlaySlipTest" time="0.002"/>
  <testcase name="addSpotNumTest" classname="PlaySlipTest" time="0.001"/>
  <testcase name="getNumSelectedSpotsTest" classname="PlaySlipTest" time="0.001"/>
  <testcase name="addSpotNumDuplicateTest" classname="PlaySlipTest" time="0.002"/>
  <testcase name="generateMatches" classname="PlaySlipTest" time="0"/>
  <testcase name="generateWinningMoneyTest1" classname="PlaySlipTest" time="0"/>
  <testcase name="generateWinningMoneyTest2" classname="PlaySlipTest" time="0.001"/>
  <testcase name="generateWinningMoneyTest3" classname="PlaySlipTest" time="0.001"/>
  <testcase name="generateWinningMoneyTest4" classname="PlaySlipTest" time="0.001"/>
</testsuite>